app/build/intermediates/manifest_merge_blame_file/release/processReleaseMainManifest/manifest-merger-blame-release-report.txt
1<?xml version="1.0" encoding="utf-8"?>
2<manifest xmlns:android="http://schemas.android.com/apk/res/android"
3    package="com.ratnesh.singh.myai"
4    android:versionCode="1"
5    android:versionName="1.0" >
6
7    <uses-sdk
8        android:minSdkVersion="24"
9        android:targetSdkVersion="36" />
10
11    <uses-permission android:name="android.permission.INTERNET" />
11-->src/main/AndroidManifest.xml:5:5-67
11-->src/main/AndroidManifest.xml:5:22-64
12    <uses-permission android:name="android.permission.ACCESS_NETWORK_STATE" />
12-->src/main/AndroidManifest.xml:6:5-79
12-->src/main/AndroidManifest.xml:6:22-76
13    <uses-permission android:name="android.permission.WAKE_LOCK" />
13-->[com.google.android.gms:play-services-measurement:23.0.0] AndroidManifest.xml:25:5-68
13-->[com.google.android.gms:play-services-measurement:23.0.0] AndroidManifest.xml:25:22-65
14    <uses-permission android:name="com.google.android.finsky.permission.BIND_GET_INSTALL_REFERRER_SERVICE" />
14-->[com.google.android.gms:play-services-measurement:23.0.0] AndroidManifest.xml:26:5-110
14-->[com.google.android.gms:play-services-measurement:23.0.0] AndroidManifest.xml:26:22-107
15    <uses-permission android:name="com.google.android.gms.permission.AD_ID" />
15-->[com.google.android.gms:play-services-measurement-api:23.0.0] AndroidManifest.xml:25:5-79
15-->[com.google.android.gms:play-services-measurement-api:23.0.0] AndroidManifest.xml:25:22-76
16    <uses-permission android:name="android.permission.ACCESS_ADSERVICES_ATTRIBUTION" />
16-->[com.google.android.gms:play-services-measurement-api:23.0.0] AndroidManifest.xml:26:5-88
16-->[com.google.android.gms:play-services-measurement-api:23.0.0] AndroidManifest.xml:26:22-85
17    <uses-permission android:name="android.permission.ACCESS_ADSERVICES_AD_ID" />
17-->[com.google.android.gms:play-services-measurement-api:23.0.0] AndroidManifest.xml:27:5-82
17-->[com.google.android.gms:play-services-measurement-api:23.0.0] AndroidManifest.xml:27:22-79
18    <uses-permission android:name="com.google.android.providers.gsf.permission.READ_GSERVICES" />
18-->[com.google.android.recaptcha:recaptcha:18.6.1] AndroidManifest.xml:9:5-98
18-->[com.google.android.recaptcha:recaptcha:18.6.1] AndroidManifest.xml:9:22-95
19
20    <permission
20-->[androidx.core:core:1.15.0] AndroidManifest.xml:22:5-24:47
21        android:name="com.ratnesh.singh.myai.DYNAMIC_RECEIVER_NOT_EXPORTED_PERMISSION"
21-->[androidx.core:core:1.15.0] AndroidManifest.xml:23:9-81
22        android:protectionLevel="signature" />
22-->[androidx.core:core:1.15.0] AndroidManifest.xml:24:9-44
23
24    <uses-permission android:name="com.ratnesh.singh.myai.DYNAMIC_RECEIVER_NOT_EXPORTED_PERMISSION" />
24-->[androidx.core:core:1.15.0] AndroidManifest.xml:26:5-97
24-->[androidx.core:core:1.15.0] AndroidManifest.xml:26:22-94
25
26    <application
26-->src/main/AndroidManifest.xml:8:5-34:19
27        android:allowBackup="true"
27-->src/main/AndroidManifest.xml:9:9-35
28        android:appComponentFactory="androidx.core.app.CoreComponentFactory"
28-->[androidx.core:core:1.15.0] AndroidManifest.xml:28:18-86
29        android:dataExtractionRules="@xml/data_extraction_rules"
29-->src/main/AndroidManifest.xml:10:9-65
30        android:extractNativeLibs="false"
31        android:fullBackupContent="@xml/backup_rules"
31-->src/main/AndroidManifest.xml:11:9-54
32        android:icon="@android:drawable/ic_dialog_info"
32-->src/main/AndroidManifest.xml:12:9-56
33        android:label="@string/app_name"
33-->src/main/AndroidManifest.xml:13:9-41
34        android:roundIcon="@android:drawable/ic_dialog_info"
34-->src/main/AndroidManifest.xml:14:9-61
35        android:supportsRtl="true"
35-->src/main/AndroidManifest.xml:15:9-35
36        android:theme="@style/Theme.MyAi" >
36-->src/main/AndroidManifest.xml:16:9-42
37        <activity
37-->src/main/AndroidManifest.xml:19:9-27:20
38            android:name="com.ratnesh.singh.myai.SignInActivity"
38-->src/main/AndroidManifest.xml:20:13-43
39            android:exported="true"
39-->src/main/AndroidManifest.xml:21:13-36
40            android:theme="@style/Theme.MyAi" >
40-->src/main/AndroidManifest.xml:22:13-46
41            <intent-filter>
41-->src/main/AndroidManifest.xml:23:13-26:29
42                <action android:name="android.intent.action.MAIN" />
42-->src/main/AndroidManifest.xml:24:17-69
42-->src/main/AndroidManifest.xml:24:25-66
43
44                <category android:name="android.intent.category.LAUNCHER" />
44-->src/main/AndroidManifest.xml:25:17-77
44-->src/main/AndroidManifest.xml:25:27-74
45            </intent-filter>
46        </activity>
47        <activity
47-->src/main/AndroidManifest.xml:29:9-32:60
48            android:name="com.ratnesh.singh.myai.WelcomeActivity"
48-->src/main/AndroidManifest.xml:30:13-44
49            android:exported="false"
49-->src/main/AndroidManifest.xml:31:13-37
50            android:parentActivityName="com.ratnesh.singh.myai.SignInActivity" />
50-->src/main/AndroidManifest.xml:32:13-57
51        <activity
51-->[com.google.firebase:firebase-auth:24.0.1] AndroidManifest.xml:29:9-46:20
52            android:name="com.google.firebase.auth.internal.GenericIdpActivity"
52-->[com.google.firebase:firebase-auth:24.0.1] AndroidManifest.xml:30:13-80
53            android:excludeFromRecents="true"
53-->[com.google.firebase:firebase-auth:24.0.1] AndroidManifest.xml:31:13-46
54            android:exported="true"
54-->[com.google.firebase:firebase-auth:24.0.1] AndroidManifest.xml:32:13-36
55            android:launchMode="singleTask"
55-->[com.google.firebase:firebase-auth:24.0.1] AndroidManifest.xml:33:13-44
56            android:theme="@android:style/Theme.Translucent.NoTitleBar" >
56-->[com.google.firebase:firebase-auth:24.0.1] AndroidManifest.xml:34:13-72
57            <intent-filter>
57-->[com.google.firebase:firebase-auth:24.0.1] AndroidManifest.xml:35:13-45:29
58                <action android:name="android.intent.action.VIEW" />
58-->[com.google.firebase:firebase-auth:24.0.1] AndroidManifest.xml:36:17-69
58-->[com.google.firebase:firebase-auth:24.0.1] AndroidManifest.xml:36:25-66
59
60                <category android:name="android.intent.category.DEFAULT" />
60-->[com.google.firebase:firebase-auth:24.0.1] AndroidManifest.xml:38:17-76
60-->[com.google.firebase:firebase-auth:24.0.1] AndroidManifest.xml:38:27-73
61                <category android:name="android.intent.category.BROWSABLE" />
61-->[com.google.firebase:firebase-auth:24.0.1] AndroidManifest.xml:39:17-78
61-->[com.google.firebase:firebase-auth:24.0.1] AndroidManifest.xml:39:27-75
62
63                <data
63-->[com.google.firebase:firebase-auth:24.0.1] AndroidManifest.xml:41:17-44:51
64                    android:host="firebase.auth"
64-->[com.google.firebase:firebase-auth:24.0.1] AndroidManifest.xml:42:21-49
65                    android:path="/"
65-->[com.google.firebase:firebase-auth:24.0.1] AndroidManifest.xml:43:21-37
66                    android:scheme="genericidp" />
66-->[com.google.firebase:firebase-auth:24.0.1] AndroidManifest.xml:44:21-48
67            </intent-filter>
68        </activity>
69        <activity
69-->[com.google.firebase:firebase-auth:24.0.1] AndroidManifest.xml:47:9-64:20
70            android:name="com.google.firebase.auth.internal.RecaptchaActivity"
70-->[com.google.firebase:firebase-auth:24.0.1] AndroidManifest.xml:48:13-79
71            android:excludeFromRecents="true"
71-->[com.google.firebase:firebase-auth:24.0.1] AndroidManifest.xml:49:13-46
72            android:exported="true"
72-->[com.google.firebase:firebase-auth:24.0.1] AndroidManifest.xml:50:13-36
73            android:launchMode="singleTask"
73-->[com.google.firebase:firebase-auth:24.0.1] AndroidManifest.xml:51:13-44
74            android:theme="@android:style/Theme.Translucent.NoTitleBar" >
74-->[com.google.firebase:firebase-auth:24.0.1] AndroidManifest.xml:52:13-72
75            <intent-filter>
75-->[com.google.firebase:firebase-auth:24.0.1] AndroidManifest.xml:53:13-63:29
76                <action android:name="android.intent.action.VIEW" />
76-->[com.google.firebase:firebase-auth:24.0.1] AndroidManifest.xml:36:17-69
76-->[com.google.firebase:firebase-auth:24.0.1] AndroidManifest.xml:36:25-66
77
78                <category android:name="android.intent.category.DEFAULT" />
78-->[com.google.firebase:firebase-auth:24.0.1] AndroidManifest.xml:38:17-76
78-->[com.google.firebase:firebase-auth:24.0.1] AndroidManifest.xml:38:27-73
79                <category android:name="android.intent.category.BROWSABLE" />
79-->[com.google.firebase:firebase-auth:24.0.1] AndroidManifest.xml:39:17-78
79-->[com.google.firebase:firebase-auth:24.0.1] AndroidManifest.xml:39:27-75
80
81                <data
81-->[com.google.firebase:firebase-auth:24.0.1] AndroidManifest.xml:41:17-44:51
82                    android:host="firebase.auth"
82-->[com.google.firebase:firebase-auth:24.0.1] AndroidManifest.xml:42:21-49
83                    android:path="/"
83-->[com.google.firebase:firebase-auth:24.0.1] AndroidManifest.xml:43:21-37
84                    android:scheme="recaptcha" />
84-->[com.google.firebase:firebase-auth:24.0.1] AndroidManifest.xml:44:21-48
85            </intent-filter>
86        </activity>
87
88        <service
88-->[com.google.firebase:firebase-auth:24.0.1] AndroidManifest.xml:66:9-72:19
89            android:name="com.google.firebase.components.ComponentDiscoveryService"
89-->[com.google.firebase:firebase-auth:24.0.1] AndroidManifest.xml:67:13-84
90            android:directBootAware="true"
90-->[com.google.firebase:firebase-common:22.0.1] AndroidManifest.xml:32:13-43
91            android:exported="false" >
91-->[com.google.firebase:firebase-auth:24.0.1] AndroidManifest.xml:68:13-37
92            <meta-data
92-->[com.google.firebase:firebase-auth:24.0.1] AndroidManifest.xml:69:13-71:85
93                android:name="com.google.firebase.components:com.google.firebase.auth.FirebaseAuthRegistrar"
93-->[com.google.firebase:firebase-auth:24.0.1] AndroidManifest.xml:70:17-109
94                android:value="com.google.firebase.components.ComponentRegistrar" />
94-->[com.google.firebase:firebase-auth:24.0.1] AndroidManifest.xml:71:17-82
95            <meta-data
95-->[com.google.android.gms:play-services-measurement-api:23.0.0] AndroidManifest.xml:33:13-35:85
96                android:name="com.google.firebase.components:com.google.firebase.analytics.connector.internal.AnalyticsConnectorRegistrar"
96-->[com.google.android.gms:play-services-measurement-api:23.0.0] AndroidManifest.xml:34:17-139
97                android:value="com.google.firebase.components.ComponentRegistrar" />
97-->[com.google.android.gms:play-services-measurement-api:23.0.0] AndroidManifest.xml:35:17-82
98            <meta-data
98-->[com.google.firebase:firebase-ai:17.3.0] AndroidManifest.xml:31:13-33:85
99                android:name="com.google.firebase.components:com.google.firebase.ai.FirebaseAIRegistrar"
99-->[com.google.firebase:firebase-ai:17.3.0] AndroidManifest.xml:32:17-105
100                android:value="com.google.firebase.components.ComponentRegistrar" />
100-->[com.google.firebase:firebase-ai:17.3.0] AndroidManifest.xml:33:17-82
101            <meta-data
101-->[com.google.firebase:firebase-installations:19.0.1] AndroidManifest.xml:15:13-17:85
102                android:name="com.google.firebase.components:com.google.firebase.installations.FirebaseInstallationsKtxRegistrar"
102-->[com.google.firebase:firebase-installations:19.0.1] AndroidManifest.xml:16:17-130
103                android:value="com.google.firebase.components.ComponentRegistrar" />
103-->[com.google.firebase:firebase-installations:19.0.1] AndroidManifest.xml:17:17-82
104            <meta-data
104-->[com.google.firebase:firebase-installations:19.0.1] AndroidManifest.xml:18:13-20:85
105                android:name="com.google.firebase.components:com.google.firebase.installations.FirebaseInstallationsRegistrar"
105-->[com.google.firebase:firebase-installations:19.0.1] AndroidManifest.xml:19:17-127
106                android:value="com.google.firebase.components.ComponentRegistrar" />
106-->[com.google.firebase:firebase-installations:19.0.1] AndroidManifest.xml:20:17-82
107            <meta-data
107-->[com.google.firebase:firebase-common:22.0.1] AndroidManifest.xml:35:13-37:85
108                android:name="com.google.firebase.components:com.google.firebase.FirebaseCommonKtxRegistrar"
108-->[com.google.firebase:firebase-common:22.0.1] AndroidManifest.xml:36:17-109
109                android:value="com.google.firebase.components.ComponentRegistrar" />
109-->[com.google.firebase:firebase-common:22.0.1] AndroidManifest.xml:37:17-82
110        </service>
111        <service
111-->[androidx.credentials:credentials-play-services-auth:1.2.0-rc01] AndroidManifest.xml:24:9-32:19
112            android:name="androidx.credentials.playservices.CredentialProviderMetadataHolder"
112-->[androidx.credentials:credentials-play-services-auth:1.2.0-rc01] AndroidManifest.xml:25:13-94
113            android:enabled="true"
113-->[androidx.credentials:credentials-play-services-auth:1.2.0-rc01] AndroidManifest.xml:26:13-35
114            android:exported="false" >
114-->[androidx.credentials:credentials-play-services-auth:1.2.0-rc01] AndroidManifest.xml:27:13-37
115            <meta-data
115-->[androidx.credentials:credentials-play-services-auth:1.2.0-rc01] AndroidManifest.xml:29:13-31:104
116                android:name="androidx.credentials.CREDENTIAL_PROVIDER_KEY"
116-->[androidx.credentials:credentials-play-services-auth:1.2.0-rc01] AndroidManifest.xml:30:17-76
117                android:value="androidx.credentials.playservices.CredentialProviderPlayServicesImpl" />
117-->[androidx.credentials:credentials-play-services-auth:1.2.0-rc01] AndroidManifest.xml:31:17-101
118        </service>
119
120        <activity
120-->[androidx.credentials:credentials-play-services-auth:1.2.0-rc01] AndroidManifest.xml:34:9-41:20
121            android:name="androidx.credentials.playservices.HiddenActivity"
121-->[androidx.credentials:credentials-play-services-auth:1.2.0-rc01] AndroidManifest.xml:35:13-76
122            android:configChanges="orientation|screenSize|screenLayout|keyboardHidden"
122-->[androidx.credentials:credentials-play-services-auth:1.2.0-rc01] AndroidManifest.xml:36:13-87
123            android:enabled="true"
123-->[androidx.credentials:credentials-play-services-auth:1.2.0-rc01] AndroidManifest.xml:37:13-35
124            android:exported="false"
124-->[androidx.credentials:credentials-play-services-auth:1.2.0-rc01] AndroidManifest.xml:38:13-37
125            android:fitsSystemWindows="true"
125-->[androidx.credentials:credentials-play-services-auth:1.2.0-rc01] AndroidManifest.xml:39:13-45
126            android:theme="@style/Theme.Hidden" >
126-->[androidx.credentials:credentials-play-services-auth:1.2.0-rc01] AndroidManifest.xml:40:13-48
127        </activity>
128        <activity
128-->[com.google.android.gms:play-services-auth:21.2.0] AndroidManifest.xml:23:9-27:75
129            android:name="com.google.android.gms.auth.api.signin.internal.SignInHubActivity"
129-->[com.google.android.gms:play-services-auth:21.2.0] AndroidManifest.xml:24:13-93
130            android:excludeFromRecents="true"
130-->[com.google.android.gms:play-services-auth:21.2.0] AndroidManifest.xml:25:13-46
131            android:exported="false"
131-->[com.google.android.gms:play-services-auth:21.2.0] AndroidManifest.xml:26:13-37
132            android:theme="@android:style/Theme.Translucent.NoTitleBar" />
132-->[com.google.android.gms:play-services-auth:21.2.0] AndroidManifest.xml:27:13-72
133        <!--
134            Service handling Google Sign-In user revocation. For apps that do not integrate with
135            Google Sign-In, this service will never be started.
136        -->
137        <service
137-->[com.google.android.gms:play-services-auth:21.2.0] AndroidManifest.xml:33:9-37:51
138            android:name="com.google.android.gms.auth.api.signin.RevocationBoundService"
138-->[com.google.android.gms:play-services-auth:21.2.0] AndroidManifest.xml:34:13-89
139            android:exported="true"
139-->[com.google.android.gms:play-services-auth:21.2.0] AndroidManifest.xml:35:13-36
140            android:permission="com.google.android.gms.auth.api.signin.permission.REVOCATION_NOTIFICATION"
140-->[com.google.android.gms:play-services-auth:21.2.0] AndroidManifest.xml:36:13-107
141            android:visibleToInstantApps="true" />
141-->[com.google.android.gms:play-services-auth:21.2.0] AndroidManifest.xml:37:13-48
142
143        <receiver
143-->[com.google.android.gms:play-services-measurement:23.0.0] AndroidManifest.xml:29:9-33:20
144            android:name="com.google.android.gms.measurement.AppMeasurementReceiver"
144-->[com.google.android.gms:play-services-measurement:23.0.0] AndroidManifest.xml:30:13-85
145            android:enabled="true"
145-->[com.google.android.gms:play-services-measurement:23.0.0] AndroidManifest.xml:31:13-35
146            android:exported="false" >
146-->[com.google.android.gms:play-services-measurement:23.0.0] AndroidManifest.xml:32:13-37
147        </receiver>
148
149        <service
149-->[com.google.android.gms:play-services-measurement:23.0.0] AndroidManifest.xml:35:9-38:40
150            android:name="com.google.android.gms.measurement.AppMeasurementService"
150-->[com.google.android.gms:play-services-measurement:23.0.0] AndroidManifest.xml:36:13-84
151            android:enabled="true"
151-->[com.google.android.gms:play-services-measurement:23.0.0] AndroidManifest.xml:37:13-35
152            android:exported="false" />
152-->[com.google.android.gms:play-services-measurement:23.0.0] AndroidManifest.xml:38:13-37
153        <service
153-->[com.google.android.gms:play-services-measurement:23.0.0] AndroidManifest.xml:39:9-43:72
154            android:name="com.google.android.gms.measurement.AppMeasurementJobService"
154-->[com.google.android.gms:play-services-measurement:23.0.0] AndroidManifest.xml:40:13-87
155            android:enabled="true"
155-->[com.google.android.gms:play-services-measurement:23.0.0] AndroidManifest.xml:41:13-35
156            android:exported="false"
156-->[com.google.android.gms:play-services-measurement:23.0.0] AndroidManifest.xml:42:13-37
157            android:permission="android.permission.BIND_JOB_SERVICE" />
157-->[com.google.android.gms:play-services-measurement:23.0.0] AndroidManifest.xml:43:13-69
158
159        <provider
159-->[com.google.firebase:firebase-common:22.0.1] AndroidManifest.xml:23:9-28:39
160            android:name="com.google.firebase.provider.FirebaseInitProvider"
160-->[com.google.firebase:firebase-common:22.0.1] AndroidManifest.xml:24:13-77
161            android:authorities="com.ratnesh.singh.myai.firebaseinitprovider"
161-->[com.google.firebase:firebase-common:22.0.1] AndroidManifest.xml:25:13-72
162            android:directBootAware="true"
162-->[com.google.firebase:firebase-common:22.0.1] AndroidManifest.xml:26:13-43
163            android:exported="false"
163-->[com.google.firebase:firebase-common:22.0.1] AndroidManifest.xml:27:13-37
164            android:initOrder="100" />
164-->[com.google.firebase:firebase-common:22.0.1] AndroidManifest.xml:28:13-36
165        <provider
165-->[androidx.emoji2:emoji2:1.3.0] AndroidManifest.xml:24:9-32:20
166            android:name="androidx.startup.InitializationProvider"
166-->[androidx.emoji2:emoji2:1.3.0] AndroidManifest.xml:25:13-67
167            android:authorities="com.ratnesh.singh.myai.androidx-startup"
167-->[androidx.emoji2:emoji2:1.3.0] AndroidManifest.xml:26:13-68
168            android:exported="false" >
168-->[androidx.emoji2:emoji2:1.3.0] AndroidManifest.xml:27:13-37
169            <meta-data
169-->[androidx.emoji2:emoji2:1.3.0] AndroidManifest.xml:29:13-31:52
170                android:name="androidx.emoji2.text.EmojiCompatInitializer"
170-->[androidx.emoji2:emoji2:1.3.0] AndroidManifest.xml:30:17-75
171                android:value="androidx.startup" />
171-->[androidx.emoji2:emoji2:1.3.0] AndroidManifest.xml:31:17-49
172            <meta-data
172-->[androidx.lifecycle:lifecycle-process:2.8.7] AndroidManifest.xml:29:13-31:52
173                android:name="androidx.lifecycle.ProcessLifecycleInitializer"
173-->[androidx.lifecycle:lifecycle-process:2.8.7] AndroidManifest.xml:30:17-78
174                android:value="androidx.startup" />
174-->[androidx.lifecycle:lifecycle-process:2.8.7] AndroidManifest.xml:31:17-49
175            <meta-data
175-->[androidx.profileinstaller:profileinstaller:1.4.0] AndroidManifest.xml:29:13-31:52
176                android:name="androidx.profileinstaller.ProfileInstallerInitializer"
176-->[androidx.profileinstaller:profileinstaller:1.4.0] AndroidManifest.xml:30:17-85
177                android:value="androidx.startup" />
177-->[androidx.profileinstaller:profileinstaller:1.4.0] AndroidManifest.xml:31:17-49
178        </provider>
179
180        <activity
180-->[com.google.android.gms:play-services-base:18.5.0] AndroidManifest.xml:5:9-173
181            android:name="com.google.android.gms.common.api.GoogleApiActivity"
181-->[com.google.android.gms:play-services-base:18.5.0] AndroidManifest.xml:5:19-85
182            android:exported="false"
182-->[com.google.android.gms:play-services-base:18.5.0] AndroidManifest.xml:5:146-170
183            android:theme="@android:style/Theme.Translucent.NoTitleBar" />
183-->[com.google.android.gms:play-services-base:18.5.0] AndroidManifest.xml:5:86-145
184
185        <receiver
185-->[androidx.profileinstaller:profileinstaller:1.4.0] AndroidManifest.xml:34:9-52:20
186            android:name="androidx.profileinstaller.ProfileInstallReceiver"
186-->[androidx.profileinstaller:profileinstaller:1.4.0] AndroidManifest.xml:35:13-76
187            android:directBootAware="false"
187-->[androidx.profileinstaller:profileinstaller:1.4.0] AndroidManifest.xml:36:13-44
188            android:enabled="true"
188-->[androidx.profileinstaller:profileinstaller:1.4.0] AndroidManifest.xml:37:13-35
189            android:exported="true"
189-->[androidx.profileinstaller:profileinstaller:1.4.0] AndroidManifest.xml:38:13-36
190            android:permission="android.permission.DUMP" >
190-->[androidx.profileinstaller:profileinstaller:1.4.0] AndroidManifest.xml:39:13-57
191            <intent-filter>
191-->[androidx.profileinstaller:profileinstaller:1.4.0] AndroidManifest.xml:40:13-42:29
192                <action android:name="androidx.profileinstaller.action.INSTALL_PROFILE" />
192-->[androidx.profileinstaller:profileinstaller:1.4.0] AndroidManifest.xml:41:17-91
192-->[androidx.profileinstaller:profileinstaller:1.4.0] AndroidManifest.xml:41:25-88
193            </intent-filter>
194            <intent-filter>
194-->[androidx.profileinstaller:profileinstaller:1.4.0] AndroidManifest.xml:43:13-45:29
195                <action android:name="androidx.profileinstaller.action.SKIP_FILE" />
195-->[androidx.profileinstaller:profileinstaller:1.4.0] AndroidManifest.xml:44:17-85
195-->[androidx.profileinstaller:profileinstaller:1.4.0] AndroidManifest.xml:44:25-82
196            </intent-filter>
197            <intent-filter>
197-->[androidx.profileinstaller:profileinstaller:1.4.0] AndroidManifest.xml:46:13-48:29
198                <action android:name="androidx.profileinstaller.action.SAVE_PROFILE" />
198-->[androidx.profileinstaller:profileinstaller:1.4.0] AndroidManifest.xml:47:17-88
198-->[androidx.profileinstaller:profileinstaller:1.4.0] AndroidManifest.xml:47:25-85
199            </intent-filter>
200            <intent-filter>
200-->[androidx.profileinstaller:profileinstaller:1.4.0] AndroidManifest.xml:49:13-51:29
201                <action android:name="androidx.profileinstaller.action.BENCHMARK_OPERATION" />
201-->[androidx.profileinstaller:profileinstaller:1.4.0] AndroidManifest.xml:50:17-95
201-->[androidx.profileinstaller:profileinstaller:1.4.0] AndroidManifest.xml:50:25-92
202            </intent-filter>
203        </receiver>
204
205        <uses-library
205-->[androidx.privacysandbox.ads:ads-adservices:1.1.0-beta11] AndroidManifest.xml:23:9-25:40
206            android:name="android.ext.adservices"
206-->[androidx.privacysandbox.ads:ads-adservices:1.1.0-beta11] AndroidManifest.xml:24:13-50
207            android:required="false" />
207-->[androidx.privacysandbox.ads:ads-adservices:1.1.0-beta11] AndroidManifest.xml:25:13-37
208
209        <meta-data
209-->[com.google.android.gms:play-services-basement:18.5.0] AndroidManifest.xml:21:9-23:69
210            android:name="com.google.android.gms.version"
210-->[com.google.android.gms:play-services-basement:18.5.0] AndroidManifest.xml:22:13-58
211            android:value="@integer/google_play_services_version" /> <!-- The activities will be merged into the manifest of the hosting app. -->
211-->[com.google.android.gms:play-services-basement:18.5.0] AndroidManifest.xml:23:13-66
212        <activity
212-->[com.google.android.play:core-common:2.0.3] AndroidManifest.xml:14:9-18:65
213            android:name="com.google.android.play.core.common.PlayCoreDialogWrapperActivity"
213-->[com.google.android.play:core-common:2.0.3] AndroidManifest.xml:15:13-93
214            android:exported="false"
214-->[com.google.android.play:core-common:2.0.3] AndroidManifest.xml:16:13-37
215            android:stateNotNeeded="true"
215-->[com.google.android.play:core-common:2.0.3] AndroidManifest.xml:17:13-42
216            android:theme="@style/Theme.PlayCore.Transparent" />
216-->[com.google.android.play:core-common:2.0.3] AndroidManifest.xml:18:13-62
217    </application>
218
219</manifest>